colorized_Android/build/outputs/logs/manifest-merger-release-report.txt
-- Merging decision tree log ---
manifest
ADDED from src\main\AndroidManifest.xml:2:1-198:12
	package
		ADDED from src\main\AndroidManifest.xml:3:5-44
		INJECTED from src\main\AndroidManifest.xml
		INJECTED from src\main\AndroidManifest.xml
	android:versionName
		ADDED from src\main\AndroidManifest.xml:5:5-33
		INJECTED from src\main\AndroidManifest.xml
		INJECTED from src\main\AndroidManifest.xml
	android:versionCode
		ADDED from src\main\AndroidManifest.xml:4:5-29
		INJECTED from src\main\AndroidManifest.xml
		INJECTED from src\main\AndroidManifest.xml
	xmlns:android
		ADDED from src\main\AndroidManifest.xml:2:11-69
uses-sdk
ADDED from src\main\AndroidManifest.xml:7:5-73
MERGED from [Colorized_Android:mixpanelandroid:unspecified] AndroidManifest.xml:11:5-13:41
MERGED from [Colorized_Android:facebookSDK:unspecified] AndroidManifest.xml:20:5-22:40
MERGED from [Colorized_Android:baseGameUtils:unspecified] AndroidManifest.xml:22:5-24:41
MERGED from [com.google.android.gms:play-services:7.8.0] AndroidManifest.xml:18:5-42
MERGED from [com.google.android.gms:play-services-ads:7.8.0] AndroidManifest.xml:23:5-42
MERGED from [com.google.android.gms:play-services-analytics:7.8.0] AndroidManifest.xml:18:5-42
MERGED from [com.google.android.gms:play-services-appindexing:7.8.0] AndroidManifest.xml:18:5-42
MERGED from [com.google.android.gms:play-services-appinvite:7.8.0] AndroidManifest.xml:18:5-42
MERGED from [com.google.android.gms:play-services-appstate:7.8.0] AndroidManifest.xml:18:5-42
MERGED from [com.google.android.gms:play-services-cast:7.8.0] AndroidManifest.xml:18:5-42
MERGED from [com.android.support:mediarouter-v7:22.2.0] AndroidManifest.xml:20:5-43
MERGED from [com.android.support:appcompat-v7:23.1.1] AndroidManifest.xml:20:5-43
MERGED from [com.google.android.gms:play-services-fitness:7.8.0] AndroidManifest.xml:18:5-42
MERGED from [com.google.android.gms:play-services-games:7.8.0] AndroidManifest.xml:18:5-42
MERGED from [com.google.android.gms:play-services-drive:7.8.0] AndroidManifest.xml:18:5-42
MERGED from [com.google.android.gms:play-services-gcm:7.8.0] AndroidManifest.xml:18:5-42
MERGED from [com.google.android.gms:play-services-location:7.8.0] AndroidManifest.xml:18:5-42
MERGED from [com.google.android.gms:play-services-nearby:7.8.0] AndroidManifest.xml:18:5-42
MERGED from [com.google.android.gms:play-services-panorama:7.8.0] AndroidManifest.xml:18:5-42
MERGED from [com.google.android.gms:play-services-plus:7.8.0] AndroidManifest.xml:18:5-42
MERGED from [com.google.android.gms:play-services-safetynet:7.8.0] AndroidManifest.xml:18:5-42
MERGED from [com.google.android.gms:play-services-vision:7.8.0] AndroidManifest.xml:4:5-42
MERGED from [com.google.android.gms:play-services-wallet:7.8.0] AndroidManifest.xml:19:5-42
MERGED from [com.google.android.gms:play-services-identity:7.8.0] AndroidManifest.xml:18:5-42
MERGED from [com.google.android.gms:play-services-maps:7.8.0] AndroidManifest.xml:27:5-42
MERGED from [com.google.android.gms:play-services-wearable:7.8.0] AndroidManifest.xml:18:5-42
MERGED from [com.google.android.gms:play-services-base:7.8.0] AndroidManifest.xml:18:5-42
MERGED from [com.android.support:support-v4:23.4.0] AndroidManifest.xml:20:5-43
MERGED from [com.android.support:multidex:1.0.0] AndroidManifest.xml:18:5-42
	android:targetSdkVersion
		ADDED from src\main\AndroidManifest.xml:7:41-70
		INJECTED from src\main\AndroidManifest.xml
		INJECTED from src\main\AndroidManifest.xml
	android:minSdkVersion
		ADDED from src\main\AndroidManifest.xml:7:15-40
		INJECTED from src\main\AndroidManifest.xml
		INJECTED from src\main\AndroidManifest.xml
uses-feature#android.hardware.touchscreen.multitouch.distinct
ADDED from src\main\AndroidManifest.xml:8:5-111
	android:required
		ADDED from src\main\AndroidManifest.xml:8:84-108
	android:name
		ADDED from src\main\AndroidManifest.xml:8:19-82
uses-permission#android.permission.INTERNET
ADDED from src\main\AndroidManifest.xml:12:5-66
MERGED from [Colorized_Android:mixpanelandroid:unspecified] AndroidManifest.xml:16:5-67
MERGED from [com.google.android.gms:play-services-ads:7.8.0] AndroidManifest.xml:20:5-66
MERGED from [com.google.android.gms:play-services-analytics:7.8.0] AndroidManifest.xml:21:5-67
MERGED from [com.google.android.gms:play-services-appinvite:7.8.0] AndroidManifest.xml:19:5-67
MERGED from [com.google.android.gms:play-services-gcm:7.8.0] AndroidManifest.xml:22:5-67
MERGED from [com.google.android.gms:play-services-wallet:7.8.0] AndroidManifest.xml:20:5-66
MERGED from [com.google.android.gms:play-services-maps:7.8.0] AndroidManifest.xml:21:5-66
	android:name
		ADDED from src\main\AndroidManifest.xml:12:22-64
uses-permission#android.permission.ACCESS_NETWORK_STATE
ADDED from src\main\AndroidManifest.xml:13:4-77
MERGED from [com.google.android.gms:play-services-ads:7.8.0] AndroidManifest.xml:21:5-78
MERGED from [com.google.android.gms:play-services-analytics:7.8.0] AndroidManifest.xml:22:5-79
MERGED from [com.google.android.gms:play-services-nearby:7.8.0] AndroidManifest.xml:19:5-79
MERGED from [com.google.android.gms:play-services-maps:7.8.0] AndroidManifest.xml:20:5-78
	android:name
		ADDED from src\main\AndroidManifest.xml:13:21-75
uses-permission#android.permission.ACCESS_COARSE_LOCATION
ADDED from src\main\AndroidManifest.xml:19:4-79
	android:name
		ADDED from src\main\AndroidManifest.xml:19:21-77
uses-permission#android.permission.WAKE_LOCK
ADDED from src\main\AndroidManifest.xml:23:2-65
	android:name
		ADDED from src\main\AndroidManifest.xml:23:19-62
uses-permission#com.google.android.c2dm.permission.RECEIVE
ADDED from src\main\AndroidManifest.xml:24:2-79
MERGED from [com.google.android.gms:play-services-gcm:7.8.0] AndroidManifest.xml:21:5-82
	android:name
		ADDED from src\main\AndroidManifest.xml:24:19-76
permission#com.webs.itmexicali.colorized.permission.C2D_MESSAGE
ADDED from src\main\AndroidManifest.xml:25:2-121
	android:protectionLevel
		ADDED from src\main\AndroidManifest.xml:25:83-118
	android:name
		ADDED from src\main\AndroidManifest.xml:25:14-81
uses-permission#com.webs.itmexicali.colorized.permission.C2D_MESSAGE
ADDED from src\main\AndroidManifest.xml:26:2-89
	android:name
		ADDED from src\main\AndroidManifest.xml:26:19-86
application
ADDED from src\main\AndroidManifest.xml:44:5-196:19
MERGED from [Colorized_Android:mixpanelandroid:unspecified] AndroidManifest.xml:43:5-123:19
MERGED from [Colorized_Android:facebookSDK:unspecified] AndroidManifest.xml:24:5-20
MERGED from [Colorized_Android:baseGameUtils:unspecified] AndroidManifest.xml:30:5-31:19
MERGED from [com.google.android.gms:play-services:7.8.0] AndroidManifest.xml:19:5-20
MERGED from [com.google.android.gms:play-services-ads:7.8.0] AndroidManifest.xml:24:5-32:19
MERGED from [com.google.android.gms:play-services-analytics:7.8.0] AndroidManifest.xml:24:5-20
MERGED from [com.google.android.gms:play-services-appindexing:7.8.0] AndroidManifest.xml:19:5-20
MERGED from [com.google.android.gms:play-services-appinvite:7.8.0] AndroidManifest.xml:20:5-20
MERGED from [com.google.android.gms:play-services-appstate:7.8.0] AndroidManifest.xml:19:5-20
MERGED from [com.google.android.gms:play-services-cast:7.8.0] AndroidManifest.xml:19:5-20
MERGED from [com.android.support:mediarouter-v7:22.2.0] AndroidManifest.xml:22:5-20
MERGED from [com.android.support:appcompat-v7:23.1.1] AndroidManifest.xml:22:5-20
MERGED from [com.google.android.gms:play-services-fitness:7.8.0] AndroidManifest.xml:19:5-20
MERGED from [com.google.android.gms:play-services-games:7.8.0] AndroidManifest.xml:19:5-20
MERGED from [com.google.android.gms:play-services-drive:7.8.0] AndroidManifest.xml:19:5-20
MERGED from [com.google.android.gms:play-services-gcm:7.8.0] AndroidManifest.xml:24:5-20
MERGED from [com.google.android.gms:play-services-location:7.8.0] AndroidManifest.xml:19:5-20
MERGED from [com.google.android.gms:play-services-nearby:7.8.0] AndroidManifest.xml:20:5-20
MERGED from [com.google.android.gms:play-services-panorama:7.8.0] AndroidManifest.xml:19:5-20
MERGED from [com.google.android.gms:play-services-plus:7.8.0] AndroidManifest.xml:19:5-20
MERGED from [com.google.android.gms:play-services-safetynet:7.8.0] AndroidManifest.xml:19:5-20
MERGED from [com.google.android.gms:play-services-vision:7.8.0] AndroidManifest.xml:5:5-20
MERGED from [com.google.android.gms:play-services-identity:7.8.0] AndroidManifest.xml:19:5-20
MERGED from [com.google.android.gms:play-services-maps:7.8.0] AndroidManifest.xml:28:5-20
MERGED from [com.google.android.gms:play-services-wearable:7.8.0] AndroidManifest.xml:19:5-20
MERGED from [com.google.android.gms:play-services-base:7.8.0] AndroidManifest.xml:20:5-24:19
MERGED from [com.android.support:support-v4:23.4.0] AndroidManifest.xml:22:5-20
	android:label
		ADDED from src\main\AndroidManifest.xml:48:9-41
	android:allowBackup
		ADDED from src\main\AndroidManifest.xml:46:9-35
	android:icon
		ADDED from src\main\AndroidManifest.xml:47:9-42
	android:theme
		ADDED from src\main\AndroidManifest.xml:49:9-40
	android:name
		ADDED from src\main\AndroidManifest.xml:45:9-69
meta-data#com.facebook.sdk.ApplicationId
ADDED from src\main\AndroidManifest.xml:52:9-101
	android:value
		ADDED from src\main\AndroidManifest.xml:52:66-99
	android:name
		ADDED from src\main\AndroidManifest.xml:52:20-65
meta-data#com.google.android.gms.version
ADDED from src\main\AndroidManifest.xml:56:9-57:71
MERGED from [com.google.android.gms:play-services-base:7.8.0] AndroidManifest.xml:21:9-23:69
	android:value
		ADDED from src\main\AndroidManifest.xml:57:16-69
	android:name
		ADDED from src\main\AndroidManifest.xml:56:20-65
activity#com.google.android.gms.ads.AdActivity
ADDED from src\main\AndroidManifest.xml:58:9-60:121
MERGED from [com.google.android.gms:play-services-ads:7.8.0] AndroidManifest.xml:26:9-29:64
	android:configChanges
		ADDED from src\main\AndroidManifest.xml:60:10-119
	android:theme
		ADDED from src\main\AndroidManifest.xml:59:13-61
	android:name
		ADDED from src\main\AndroidManifest.xml:58:19-71
meta-data#com.xsqhbao.bipppts201390.APPID
ADDED from src\main\AndroidManifest.xml:65:3-86
	android:value
		ADDED from src\main\AndroidManifest.xml:65:61-83
	android:name
		ADDED from src\main\AndroidManifest.xml:65:14-60
meta-data#com.xsqhbao.bipppts201390.APIKEY
ADDED from src\main\AndroidManifest.xml:66:3-107
	android:value
		ADDED from src\main\AndroidManifest.xml:66:62-105
	android:name
		ADDED from src\main\AndroidManifest.xml:66:14-61
activity#com.xsqhbao.bipppts201390.AdActivity
ADDED from src\main\AndroidManifest.xml:71:3-73:55
	android:exported
		ADDED from src\main\AndroidManifest.xml:71:13-37
	android:configChanges
		ADDED from src\main\AndroidManifest.xml:72:8-54
	android:theme
		ADDED from src\main\AndroidManifest.xml:73:4-52
	android:name
		ADDED from src\main\AndroidManifest.xml:71:38-89
activity#com.xsqhbao.bipppts201390.BrowserActivity
ADDED from src\main\AndroidManifest.xml:75:3-76:53
	android:configChanges
		ADDED from src\main\AndroidManifest.xml:76:4-50
	android:name
		ADDED from src\main\AndroidManifest.xml:75:13-69
meta-data#com.google.android.gms.games.APP_ID
ADDED from src\main\AndroidManifest.xml:97:9-98:46
	android:value
		ADDED from src\main\AndroidManifest.xml:98:13-43
	android:name
		ADDED from src\main\AndroidManifest.xml:97:20-70
activity#com.webs.itmexicali.colorized.GameActivity
ADDED from src\main\AndroidManifest.xml:106:9-112:20
	android:screenOrientation
		ADDED from src\main\AndroidManifest.xml:108:13-49
	android:label
		ADDED from src\main\AndroidManifest.xml:110:13-45
	android:configChanges
		ADDED from src\main\AndroidManifest.xml:109:13-74
	android:theme
		ADDED from src\main\AndroidManifest.xml:111:13-51
	android:name
		ADDED from src\main\AndroidManifest.xml:107:13-70
activity#com.webs.itmexicali.colorized.SplashScreen
ADDED from src\main\AndroidManifest.xml:113:9-124:20
	android:screenOrientation
		ADDED from src\main\AndroidManifest.xml:115:13-49
	android:label
		ADDED from src\main\AndroidManifest.xml:117:13-45
	android:configChanges
		ADDED from src\main\AndroidManifest.xml:116:13-74
	android:theme
		ADDED from src\main\AndroidManifest.xml:118:13-51
	android:name
		ADDED from src\main\AndroidManifest.xml:114:13-70
intent-filter#android.intent.action.MAIN+android.intent.category.LAUNCHER
ADDED from src\main\AndroidManifest.xml:119:13-123:29
action#android.intent.action.MAIN
ADDED from src\main\AndroidManifest.xml:120:17-69
	android:name
		ADDED from src\main\AndroidManifest.xml:120:25-66
category#android.intent.category.LAUNCHER
ADDED from src\main\AndroidManifest.xml:122:17-77
	android:name
		ADDED from src\main\AndroidManifest.xml:122:27-74
receiver#com.webs.itmexicali.colorized.util.AlarmReceiver
ADDED from src\main\AndroidManifest.xml:128:9-120
	android:process
		ADDED from src\main\AndroidManifest.xml:128:19-44
	android:name
		ADDED from src\main\AndroidManifest.xml:128:45-108
receiver#com.webs.itmexicali.colorized.GcmReceiver
ADDED from src\main\AndroidManifest.xml:133:9-139:18
	android:permission
		ADDED from src\main\AndroidManifest.xml:134:13-73
	android:name
		ADDED from src\main\AndroidManifest.xml:133:19-75
intent-filter#com.google.android.c2dm.intent.RECEIVE+com.webs.itmexicali.colorized
ADDED from src\main\AndroidManifest.xml:135:10-138:27
action#com.google.android.c2dm.intent.RECEIVE
ADDED from src\main\AndroidManifest.xml:136:14-78
	android:name
		ADDED from src\main\AndroidManifest.xml:136:22-75
category#com.webs.itmexicali.colorized
ADDED from src\main\AndroidManifest.xml:137:16-73
	android:name
		ADDED from src\main\AndroidManifest.xml:137:26-70
service#com.webs.itmexicali.colorized.GcmIntentService
ADDED from src\main\AndroidManifest.xml:140:6-79
	android:name
		ADDED from src\main\AndroidManifest.xml:140:15-76
meta-data#com.mixpanel.android.MPConfig.DisableFallback
ADDED from src\main\AndroidManifest.xml:149:9-150:40
	android:value
		ADDED from src\main\AndroidManifest.xml:150:16-37
	android:name
		ADDED from src\main\AndroidManifest.xml:149:20-80
meta-data#com.mixpanel.android.MPConfig.TestMode
ADDED from src\main\AndroidManifest.xml:163:9-164:37
	android:value
		ADDED from src\main\AndroidManifest.xml:164:13-34
	android:name
		ADDED from src\main\AndroidManifest.xml:163:20-73
meta-data#com.mixpanel.android.MPConfig.EnableDebugLogging
ADDED from src\main\AndroidManifest.xml:169:9-170:37
	android:value
		ADDED from src\main\AndroidManifest.xml:170:13-34
	android:name
		ADDED from src\main\AndroidManifest.xml:169:20-83
activity#com.mixpanel.android.surveys.SurveyActivity
ADDED from src\main\AndroidManifest.xml:176:9-79
	android:name
		ADDED from src\main\AndroidManifest.xml:176:19-77
receiver#com.mixpanel.android.mpmetrics.GCMReceiver
ADDED from src\main\AndroidManifest.xml:179:9-186:20
	android:permission
		ADDED from src\main\AndroidManifest.xml:180:13-73
	android:name
		ADDED from src\main\AndroidManifest.xml:179:19-76
intent-filter#com.google.android.c2dm.intent.RECEIVE+com.google.android.c2dm.intent.REGISTRATION+com.mixpanel.example.hello
ADDED from src\main\AndroidManifest.xml:181:13-185:28
action#com.google.android.c2dm.intent.REGISTRATION
ADDED from src\main\AndroidManifest.xml:183:17-86
	android:name
		ADDED from src\main\AndroidManifest.xml:183:25-83
category#com.mixpanel.example.hello
ADDED from src\main\AndroidManifest.xml:184:17-71
	android:name
		ADDED from src\main\AndroidManifest.xml:184:27-68
receiver#com.mixpanel.android.mpmetrics.InstallReferrerReceiver
ADDED from src\main\AndroidManifest.xml:189:9-193:20
	android:exported
		ADDED from src\main\AndroidManifest.xml:189:89-113
	android:name
		ADDED from src\main\AndroidManifest.xml:189:19-88
intent-filter#com.android.vending.INSTALL_REFERRER
ADDED from src\main\AndroidManifest.xml:190:13-192:29
action#com.android.vending.INSTALL_REFERRER
ADDED from src\main\AndroidManifest.xml:191:17-79
	android:name
		ADDED from src\main\AndroidManifest.xml:191:25-76
meta-data#unityplayer.ForwardNativeEventsToDalvik
ADDED from [Colorized_Android:baseGameUtils:unspecified] AndroidManifest.xml:26:5-28:32
	android:value
		ADDED from [Colorized_Android:baseGameUtils:unspecified] AndroidManifest.xml:28:9-29
	android:name
		ADDED from [Colorized_Android:baseGameUtils:unspecified] AndroidManifest.xml:27:9-63
activity#com.google.android.gms.ads.purchase.InAppPurchaseActivity
ADDED from [com.google.android.gms:play-services-ads:7.8.0] AndroidManifest.xml:30:9-31:52
	android:theme
		ADDED from [com.google.android.gms:play-services-ads:7.8.0] AndroidManifest.xml:31:13-50
	android:name
		ADDED from [com.google.android.gms:play-services-ads:7.8.0] AndroidManifest.xml:30:19-91
uses-permission#android.permission.GET_ACCOUNTS
ADDED from [com.google.android.gms:play-services-wallet:7.8.0] AndroidManifest.xml:21:5-70
	android:name
		ADDED from [com.google.android.gms:play-services-wallet:7.8.0] AndroidManifest.xml:21:22-68
uses-permission#android.permission.USE_CREDENTIALS
ADDED from [com.google.android.gms:play-services-wallet:7.8.0] AndroidManifest.xml:22:5-73
	android:name
		ADDED from [com.google.android.gms:play-services-wallet:7.8.0] AndroidManifest.xml:22:22-71
uses-permission#android.permission.WRITE_EXTERNAL_STORAGE
ADDED from [com.google.android.gms:play-services-maps:7.8.0] AndroidManifest.xml:22:5-80
	android:name
		ADDED from [com.google.android.gms:play-services-maps:7.8.0] AndroidManifest.xml:22:22-78
uses-feature#0x00020000
ADDED from [com.google.android.gms:play-services-maps:7.8.0] AndroidManifest.xml:23:5-25:33
	android:glEsVersion
		ADDED from [com.google.android.gms:play-services-maps:7.8.0] AndroidManifest.xml:24:8-40
	android:required
		ADDED from [com.google.android.gms:play-services-maps:7.8.0] AndroidManifest.xml:25:8-31
android:uses-permission#android.permission.READ_EXTERNAL_STORAGE
IMPLIED from src\main\AndroidManifest.xml:2:1-198:12 reason: com.google.android.gms.maps requested WRITE_EXTERNAL_STORAGE